<?xml version="1.0" encoding="UTF-8"?>
<!-- Generated by org.testng.reporters.JUnitXMLReporter -->
<testsuite ignored="0" hostname="DESKTOP-KSBI119" failures="0" tests="13" name="Command line test" time="45.406" errors="0" timestamp="2022-05-21T00:18:32 MSK">
  <testcase classname="WebTest" name="newComments" time="5.815"/>
  <testcase classname="WebTest" name="styleImportant" time="5.062"/>
  <testcase classname="WebTest" name="testBrowseLanguagesFirstSubmenu" time="4.88"/>
  <testcase classname="WebTest" name="testBrowseLanguagesTable" time="3.081"/>
  <testcase classname="WebTest" name="testHistoricInformation" time="2.757"/>
  <testcase classname="WebTest" name="testMenuStartHeader" time="2.175"/>
  <testcase classname="WebTest" name="testMenuStartTitle" time="4.415"/>
  <testcase classname="WebTest" name="testStartMenuSubmitNewLanguage" time="2.654"/>
  <testcase classname="WebTest" name="testSubmitLanguageEmptyValue" time="2.792"/>
  <testcase classname="WebTest" name="testSubmitLanguageError" time="3.226"/>
  <testcase classname="WebTest" name="testSubmitLanguageText" time="3.166"/>
  <testcase classname="WebTest" name="testSubmitNewLanguageSubmenuSubmitNewLanguage" time="2.797"/>
  <testcase classname="WebTest" name="testTheTeam" time="2.507"/>
</testsuite> <!-- Command line test -->
