<?xml version="1.0" encoding="UTF-8" ?>
<testsuite tests="13" failures="0" name="WebTest" time="45.328" errors="0" skipped="0">
  <properties>
[...]
</properties>
  <testcase classname="WebTest" name="newComments" time="5.818"/>
  <testcase classname="WebTest" name="styleImportant" time="5.061"/>
  <testcase classname="WebTest" name="testBrowseLanguagesFirstSubmenu" time="4.88"/>
  <testcase classname="WebTest" name="testBrowseLanguagesTable" time="3.08"/>
  <testcase classname="WebTest" name="testHistoricInformation" time="2.756"/>
  <testcase classname="WebTest" name="testMenuStartHeader" time="2.173"/>
  <testcase classname="WebTest" name="testMenuStartTitle" time="4.416"/>
  <testcase classname="WebTest" name="testStartMenuSubmitNewLanguage" time="2.655"/>
  <testcase classname="WebTest" name="testSubmitLanguageEmptyValue" time="2.791"/>
  <testcase classname="WebTest" name="testSubmitLanguageError" time="3.225"/>
  <testcase classname="WebTest" name="testSubmitLanguageText" time="3.168"/>
  <testcase classname="WebTest" name="testSubmitNewLanguageSubmenuSubmitNewLanguage" time="2.798"/>
  <testcase classname="WebTest" name="testTheTeam" time="2.507"/>
</testsuite>